e:\starcraft\starcraft\debug\starcraft.pch
e:\starcraft\starcraft\debug\vc140.pdb
e:\starcraft\starcraft\debug\vc140.idb
e:\starcraft\starcraft\debug\stdafx.obj
e:\starcraft\starcraft\debug\reaver.obj
e:\starcraft\starcraft\debug\roboticsfacility.obj
e:\starcraft\starcraft\debug\roboticssupportbay.obj
e:\starcraft\starcraft\debug\scarab.obj
e:\starcraft\starcraft\debug\scene.obj
e:\starcraft\starcraft\debug\scenemgr.obj
e:\starcraft\starcraft\debug\scout.obj
e:\starcraft\starcraft\debug\shieldbattery.obj
e:\starcraft\starcraft\debug\shuttle.obj
e:\starcraft\starcraft\debug\singletexture.obj
e:\starcraft\starcraft\debug\soundmgr.obj
e:\starcraft\starcraft\debug\stage.obj
e:\starcraft\starcraft\debug\starcraft.obj
e:\starcraft\starcraft\debug\stargate.obj
e:\starcraft\starcraft\debug\templararchives.obj
e:\starcraft\starcraft\debug\texture.obj
e:\starcraft\starcraft\debug\texturemgr.obj
e:\starcraft\starcraft\debug\timemgr.obj
e:\starcraft\starcraft\debug\objectrendermgr.obj
e:\starcraft\starcraft\debug\zealot.obj
e:\starcraft\starcraft\debug\gameobject.obj
e:\starcraft\starcraft\debug\gateway.obj
e:\starcraft\starcraft\debug\hightemplar.obj
e:\starcraft\starcraft\debug\interceptor.obj
e:\starcraft\starcraft\debug\interpace.obj
e:\starcraft\starcraft\debug\intro.obj
e:\starcraft\starcraft\debug\keymgr.obj
e:\starcraft\starcraft\debug\logo.obj
e:\starcraft\starcraft\debug\maingame.obj
e:\starcraft\starcraft\debug\mapresource.obj
e:\starcraft\starcraft\debug\miniresource.obj
e:\starcraft\starcraft\debug\mouse.obj
e:\starcraft\starcraft\debug\multitexture.obj
e:\starcraft\starcraft\debug\nexus.obj
e:\starcraft\starcraft\debug\objmgr.obj
e:\starcraft\starcraft\debug\observatory.obj
e:\starcraft\starcraft\debug\observer.obj
e:\starcraft\starcraft\debug\photoncannon.obj
e:\starcraft\starcraft\debug\probe.obj
e:\starcraft\starcraft\debug\pylon.obj
e:\starcraft\starcraft\debug\assimilator.obj
e:\starcraft\starcraft\debug\astar.obj
e:\starcraft\starcraft\debug\atteffect.obj
e:\starcraft\starcraft\debug\background.obj
e:\starcraft\starcraft\debug\carrier.obj
e:\starcraft\starcraft\debug\citadelofadun.obj
e:\starcraft\starcraft\debug\collisionmgr.obj
e:\starcraft\starcraft\debug\corsair.obj
e:\starcraft\starcraft\debug\createbuild.obj
e:\starcraft\starcraft\debug\cyberneticscore.obj
e:\starcraft\starcraft\debug\damagemgr.obj
e:\starcraft\starcraft\debug\darkarchon.obj
e:\starcraft\starcraft\debug\darktemplar.obj
e:\starcraft\starcraft\debug\device.obj
e:\starcraft\starcraft\debug\distancemgr.obj
e:\starcraft\starcraft\debug\dragoon.obj
e:\starcraft\starcraft\debug\effect.obj
e:\starcraft\starcraft\debug\fleetbeacon.obj
e:\starcraft\starcraft\debug\fog.obj
e:\starcraft\starcraft\debug\forge.obj
e:\starcraft\starcraft\debug\arbiter.obj
e:\starcraft\starcraft\debug\arbitertribunal.obj
e:\starcraft\starcraft\debug\archon.obj
e:\starcraft\starcraft\debug\starcraft.res
e:\starcraft\debug\starcraft.ilk
e:\starcraft\debug\starcraft.exe
e:\starcraft\debug\starcraft.pdb
e:\starcraft\starcraft\debug\msxml4.tli
e:\starcraft\starcraft\debug\msxml4.tlh
e:\starcraft\starcraft\debug\starcraft.tlog\cl.read.1.tlog
e:\starcraft\starcraft\debug\starcraft.tlog\cl.write.1.tlog
e:\starcraft\starcraft\debug\starcraft.tlog\cl.command.1.tlog
e:\starcraft\starcraft\debug\starcraft.tlog\rc.read.1.tlog
e:\starcraft\starcraft\debug\starcraft.tlog\rc.write.1.tlog
e:\starcraft\starcraft\debug\starcraft.tlog\rc.command.1.tlog
e:\starcraft\starcraft\debug\starcraft.tlog\link.read.1.tlog
e:\starcraft\starcraft\debug\starcraft.tlog\link.write.1.tlog
e:\starcraft\starcraft\debug\starcraft.tlog\link.command.1.tlog
