e:\starcraft\startool\debug\startool.pch
e:\starcraft\startool\debug\vc140.pdb
e:\starcraft\startool\debug\vc140.idb
e:\starcraft\startool\debug\stdafx.obj
e:\starcraft\startool\debug\background.obj
e:\starcraft\startool\debug\buildtool.obj
e:\starcraft\startool\debug\device.obj
e:\starcraft\startool\debug\mainfrm.obj
e:\starcraft\startool\debug\maptool.obj
e:\starcraft\startool\debug\miniview.obj
e:\starcraft\startool\debug\multitexture.obj
e:\starcraft\startool\debug\myform.obj
e:\starcraft\startool\debug\objecttool.obj
e:\starcraft\startool\debug\singletexture.obj
e:\starcraft\startool\debug\startool.obj
e:\starcraft\startool\debug\startooldoc.obj
e:\starcraft\startool\debug\startoolview.obj
e:\starcraft\startool\debug\texture.obj
e:\starcraft\startool\debug\texturemgr.obj
e:\starcraft\startool\debug\unittool.obj
e:\starcraft\startool\debug\startool.res
e:\starcraft\debug\startool.ilk
e:\starcraft\debug\startool.exe
e:\starcraft\debug\startool.pdb
e:\starcraft\startool\debug\msxml4.tli
e:\starcraft\startool\debug\msxml4.tlh
e:\starcraft\startool\debug\startool.tlog\cl.read.1.tlog
e:\starcraft\startool\debug\startool.tlog\cl.write.1.tlog
e:\starcraft\startool\debug\startool.tlog\cl.command.1.tlog
e:\starcraft\startool\debug\startool.tlog\rc.read.1.tlog
e:\starcraft\startool\debug\startool.tlog\rc.write.1.tlog
e:\starcraft\startool\debug\startool.tlog\rc.command.1.tlog
e:\starcraft\startool\debug\startool.tlog\link.read.1.tlog
e:\starcraft\startool\debug\startool.tlog\link.write.1.tlog
e:\starcraft\startool\debug\startool.tlog\link.command.1.tlog
